<?xml version="1.0" encoding="UTF-8"?>
<!-- Generated by org.testng.reporters.JUnitReportReporter -->
<testsuite hostname="DESKTOP-9BVIAGG" failures="0" tests="2" name="AdmifyWindows.LeadsPage" time="6.276" errors="0" timestamp="2023-10-12T17:46:33 IST" skipped="0">
  <testcase classname="AdmifyWindows.LeadsPage" name="AddLeads" time="4.600"/>
  <system-out/>
  <testcase classname="AdmifyWindows.LeadsPage" name="AddLeadForm" time="1.676"/>
  <system-out/>
</testsuite> <!-- AdmifyWindows.LeadsPage -->
