<?xml version="1.0" encoding="UTF-8"?>
<!-- Generated by org.testng.reporters.JUnitReportReporter -->
<testsuite hostname="DESKTOP-9BVIAGG" failures="0" tests="6" name="AdmifyWindows.Dashboard" time="38.161" errors="0" timestamp="2023-10-25T20:47:40 IST" skipped="0">
  <testcase classname="AdmifyWindows.Dashboard" name="DashBoard" time="10.353"/>
  <system-out/>
  <testcase classname="AdmifyWindows.Dashboard" name="DashboardLeadsCount" time="4.377"/>
  <system-out/>
  <testcase classname="AdmifyWindows.Dashboard" name="counsellor" time="4.390"/>
  <system-out/>
  <testcase classname="AdmifyWindows.Dashboard" name="Task" time="8.348"/>
  <system-out/>
  <testcase classname="AdmifyWindows.Dashboard" name="Leads" time="5.346"/>
  <system-out/>
  <testcase classname="AdmifyWindows.Dashboard" name="FunctionalGrid" time="5.347"/>
  <system-out/>
</testsuite> <!-- AdmifyWindows.Dashboard -->
