<?xml version="1.0" encoding="UTF-8"?>
<!-- Generated by org.testng.reporters.JUnitReportReporter -->
<testsuite hostname="DESKTOP-9BVIAGG" failures="0" tests="3" name="AdmifyWindows.LeadsPage" time="55.378" errors="0" timestamp="2023-10-16T16:34:56 IST" skipped="0">
  <testcase classname="AdmifyWindows.LeadsPage" name="AddLeads" time="5.538"/>
  <system-out/>
  <testcase classname="AdmifyWindows.LeadsPage" name="AddLeadForm" time="40.613"/>
  <system-out/>
  <testcase classname="AdmifyWindows.LeadsPage" name="Filter" time="9.227"/>
  <system-out/>
</testsuite> <!-- AdmifyWindows.LeadsPage -->
