<?xml version="1.0" encoding="UTF-8"?>
<!-- Generated by org.testng.reporters.JUnitReportReporter -->
<testsuite hostname="DESKTOP-9BVIAGG" failures="0" tests="4" name="AdmifyWindows.LeadsPage" time="103.309" errors="0" timestamp="2023-10-25T18:18:58 IST" skipped="0">
  <testcase classname="AdmifyWindows.LeadsPage" name="AddLeads" time="4.801"/>
  <system-out/>
  <testcase classname="AdmifyWindows.LeadsPage" name="AddLeadForm" time="32.712"/>
  <system-out/>
  <testcase classname="AdmifyWindows.LeadsPage" name="Filter" time="31.465"/>
  <system-out/>
  <testcase classname="AdmifyWindows.LeadsPage" name="AddGroup" time="34.331"/>
  <system-out/>
</testsuite> <!-- AdmifyWindows.LeadsPage -->
