<?xml version="1.0" encoding="UTF-8"?>
<!-- Generated by org.testng.reporters.JUnitReportReporter -->
<testsuite hostname="DESKTOP-9BVIAGG" failures="0" tests="1" name="AdmifyWindows.Forgetpassword" time="24.633" errors="0" timestamp="2023-09-29T15:24:45 IST" skipped="0">
  <testcase classname="AdmifyWindows.Forgetpassword" name="ForgotPasswordLink" time="24.633"/>
  <system-out/>
</testsuite> <!-- AdmifyWindows.Forgetpassword -->
