<?xml version="1.0" encoding="UTF-8"?>
<!-- Generated by org.testng.reporters.JUnitReportReporter -->
<testsuite hostname="DESKTOP-9BVIAGG" failures="0" tests="2" name="AdmifyWindows.LeadsPage" time="30.936" errors="0" timestamp="2023-10-14T15:43:56 IST" skipped="0">
  <testcase classname="AdmifyWindows.LeadsPage" name="AddLeads" time="4.564"/>
  <system-out/>
  <testcase classname="AdmifyWindows.LeadsPage" name="AddLeadForm" time="26.372"/>
  <system-out/>
</testsuite> <!-- AdmifyWindows.LeadsPage -->
