<?xml version="1.0" encoding="UTF-8"?>
<!-- Generated by org.testng.reporters.JUnitReportReporter -->
<testsuite hostname="DESKTOP-9BVIAGG" failures="0" tests="7" name="AdmifyWindows.Dashboard" time="42.035" errors="1" timestamp="2023-10-12T11:39:53 IST" skipped="0">
  <testcase classname="AdmifyWindows.Dashboard" name="Login" time="0.783"/>
  <system-out/>
  <testcase classname="AdmifyWindows.Dashboard" name="DashBoard" time="10.612"/>
  <system-out/>
  <testcase classname="AdmifyWindows.Dashboard" name="DashboardLeadsCount" time="4.851"/>
  <system-out/>
  <testcase classname="AdmifyWindows.Dashboard" name="counsellor" time="4.742"/>
  <system-out/>
  <testcase classname="AdmifyWindows.Dashboard" name="Task" time="8.692"/>
  <system-out/>
  <testcase classname="AdmifyWindows.Dashboard" name="Leads" time="5.669">
    <error message="begin 1, end 6, length 3" type="java.lang.StringIndexOutOfBoundsException">
      <![CDATA[java.lang.StringIndexOutOfBoundsException: begin 1, end 6, length 3
at java.base/java.lang.String.checkBoundsBeginEnd(String.java:4604)
at java.base/java.lang.String.substring(String.java:2707)
at AdmifyWindows.Dashboard.Leads(Dashboard.java:173)
at java.base/jdk.internal.reflect.NativeMethodAccessorImpl.invoke0(Native Method)
at java.base/jdk.internal.reflect.NativeMethodAccessorImpl.invoke(NativeMethodAccessorImpl.java:77)
at java.base/jdk.internal.reflect.DelegatingMethodAccessorImpl.invoke(DelegatingMethodAccessorImpl.java:43)
at java.base/java.lang.reflect.Method.invoke(Method.java:568)
at org.testng.internal.MethodInvocationHelper.invokeMethod(MethodInvocationHelper.java:133)
at org.testng.internal.TestInvoker.invokeMethod(TestInvoker.java:598)
at org.testng.internal.TestInvoker.invokeTestMethod(TestInvoker.java:173)
at org.testng.internal.MethodRunner.runInSequence(MethodRunner.java:46)
at org.testng.internal.TestInvoker$MethodInvocationAgent.invoke(TestInvoker.java:824)
at org.testng.internal.TestInvoker.invokeTestMethods(TestInvoker.java:146)
at org.testng.internal.TestMethodWorker.invokeTestMethods(TestMethodWorker.java:146)
at org.testng.internal.TestMethodWorker.run(TestMethodWorker.java:128)
at java.base/java.util.ArrayList.forEach(ArrayList.java:1511)
at org.testng.TestRunner.privateRun(TestRunner.java:794)
at org.testng.TestRunner.run(TestRunner.java:596)
at org.testng.SuiteRunner.runTest(SuiteRunner.java:377)
at org.testng.SuiteRunner.runSequentially(SuiteRunner.java:371)
at org.testng.SuiteRunner.privateRun(SuiteRunner.java:332)
at org.testng.SuiteRunner.run(SuiteRunner.java:276)
at org.testng.SuiteRunnerWorker.runSuite(SuiteRunnerWorker.java:53)
at org.testng.SuiteRunnerWorker.run(SuiteRunnerWorker.java:96)
at org.testng.TestNG.runSuitesSequentially(TestNG.java:1212)
at org.testng.TestNG.runSuitesLocally(TestNG.java:1134)
at org.testng.TestNG.runSuites(TestNG.java:1063)
at org.testng.TestNG.run(TestNG.java:1031)
at org.testng.remote.AbstractRemoteTestNG.run(AbstractRemoteTestNG.java:115)
at org.testng.remote.RemoteTestNG.initAndRun(RemoteTestNG.java:251)
at org.testng.remote.RemoteTestNG.main(RemoteTestNG.java:77)
]]>
    </error>
  </testcase> <!-- Leads -->
  <system-out/>
  <testcase classname="AdmifyWindows.Dashboard" name="FunctionalGrid" time="6.686"/>
  <system-out/>
</testsuite> <!-- AdmifyWindows.Dashboard -->
