<?xml version="1.0" encoding="UTF-8"?>
<!-- Generated by org.testng.reporters.JUnitReportReporter -->
<testsuite hostname="DESKTOP-9BVIAGG" failures="0" tests="6" name="AdmifyWindows.Dashboard" time="41.014" errors="0" timestamp="2023-10-25T18:18:58 IST" skipped="0">
  <testcase classname="AdmifyWindows.Dashboard" name="DashBoard" time="10.867"/>
  <system-out/>
  <testcase classname="AdmifyWindows.Dashboard" name="DashboardLeadsCount" time="4.626"/>
  <system-out/>
  <testcase classname="AdmifyWindows.Dashboard" name="counsellor" time="4.630"/>
  <system-out/>
  <testcase classname="AdmifyWindows.Dashboard" name="Task" time="8.615"/>
  <system-out/>
  <testcase classname="AdmifyWindows.Dashboard" name="Leads" time="5.655"/>
  <system-out/>
  <testcase classname="AdmifyWindows.Dashboard" name="FunctionalGrid" time="6.621"/>
  <system-out/>
</testsuite> <!-- AdmifyWindows.Dashboard -->
