<?xml version="1.0" encoding="UTF-8"?>
<!-- Generated by org.testng.reporters.JUnitReportReporter -->
<testsuite hostname="DESKTOP-9BVIAGG" failures="0" tests="7" name="AdmifyWindows.LoginPage" time="41.487" errors="0" timestamp="2023-10-11T10:17:10 IST" skipped="0">
  <testcase classname="AdmifyWindows.LoginPage" name="Login" time="0.807"/>
  <system-out/>
  <testcase classname="AdmifyWindows.LoginPage" name="Dashboard" time="10.776"/>
  <system-out/>
  <testcase classname="AdmifyWindows.LoginPage" name="DashboardLeadsCount" time="4.636"/>
  <system-out/>
  <testcase classname="AdmifyWindows.LoginPage" name="counsellor" time="4.574"/>
  <system-out/>
  <testcase classname="AdmifyWindows.LoginPage" name="Task" time="8.567"/>
  <system-out/>
  <testcase classname="AdmifyWindows.LoginPage" name="Leads" time="5.550"/>
  <system-out/>
  <testcase classname="AdmifyWindows.LoginPage" name="FunctionalGrid" time="6.577"/>
  <system-out/>
</testsuite> <!-- AdmifyWindows.LoginPage -->
