<?xml version="1.0" encoding="UTF-8"?>
<!-- Generated by org.testng.reporters.JUnitReportReporter -->
<testsuite hostname="DESKTOP-9BVIAGG" failures="0" tests="4" name="AdmifyWindows.LeadsPage" time="87.918" errors="0" timestamp="2023-10-25T20:47:40 IST" skipped="0">
  <testcase classname="AdmifyWindows.LeadsPage" name="AddLeads" time="4.508"/>
  <system-out/>
  <testcase classname="AdmifyWindows.LeadsPage" name="AddLeadForm" time="26.495"/>
  <system-out/>
  <testcase classname="AdmifyWindows.LeadsPage" name="Filter" time="26.922"/>
  <system-out/>
  <testcase classname="AdmifyWindows.LeadsPage" name="AddGroup" time="29.993"/>
  <system-out/>
</testsuite> <!-- AdmifyWindows.LeadsPage -->
