<?xml version="1.0" encoding="UTF-8"?>
<!-- Generated by org.testng.reporters.JUnitReportReporter -->
<testsuite hostname="DESKTOP-9BVIAGG" failures="0" tests="4" name="AdmifyWindows.LeadsPage" time="73.246" errors="0" timestamp="2023-10-20T15:33:27 IST" skipped="0">
  <testcase classname="AdmifyWindows.LeadsPage" name="AddLeads" time="5.058"/>
  <system-out/>
  <testcase classname="AdmifyWindows.LeadsPage" name="AddLeadForm" time="32.963"/>
  <system-out/>
  <testcase classname="AdmifyWindows.LeadsPage" name="Filter" time="29.610"/>
  <system-out/>
  <testcase classname="AdmifyWindows.LeadsPage" name="AddGroup" time="5.615"/>
  <system-out/>
</testsuite> <!-- AdmifyWindows.LeadsPage -->
